<?xml version="1.0" encoding="UTF-8"?>
<testng-results skipped="0" failed="0" ignored="0" total="1" passed="1">
  <reporter-output>
  </reporter-output>
  <suite name="Suite" duration-ms="16889" started-at="2022-08-04T14:52:30 IST" finished-at="2022-08-04T14:52:47 IST">
    <groups>
    </groups>
    <test name="Test" duration-ms="16889" started-at="2022-08-04T14:52:30 IST" finished-at="2022-08-04T14:52:47 IST">
      <class name="com.timeproject.testcases.TimeTestCase">
        <test-method status="PASS" signature="setup()[pri:0, instance:com.timeproject.testcases.TimeTestCase@4524411f]" name="setup" is-config="true" duration-ms="5639" started-at="2022-08-04T14:52:30 IST" finished-at="2022-08-04T14:52:36 IST">
          <reporter-output>
          </reporter-output>
        </test-method> <!-- setup -->
        <test-method status="PASS" signature="verify_TimesPage()[pri:1, instance:com.timeproject.testcases.TimeTestCase@4524411f]" name="verify_TimesPage" duration-ms="11196" started-at="2022-08-04T14:52:36 IST" finished-at="2022-08-04T14:52:47 IST">
          <reporter-output>
          </reporter-output>
        </test-method> <!-- verify_TimesPage -->
      </class> <!-- com.timeproject.testcases.TimeTestCase -->
    </test> <!-- Test -->
  </suite> <!-- Suite -->
</testng-results>
